Using pre-set license
Built from '2021.1/staging' branch; Version is '2021.1.7f1 (d91830b65d9b) revision 14227504'; Using compiler version '192528614'; Build Type 'Release'
OS: 'Windows 10 Education; OS build 19042.1110; Version 2009; 64bit' Language: 'en' Physical Memory: 16327 MB
BatchMode: 1, IsHumanControllingUs: 0, StartBugReporterOnCrash: 0, Is64bit: 1, IsPro: 0

 COMMAND LINE ARGUMENTS:
C:\Program Files\Unity\Hub\Editor\2021.1.7f1\Editor\Unity.exe
-adb2
-batchMode
-noUpm
-name
AssetImportWorker0
-projectPath
C:/Users/lollisjosh/Desktop/FourStateGameTemplate/Four_State_Game_Template
-logFile
Logs/AssetImportWorker0.log
-srvPort
50329
Successfully changed project path to: C:/Users/lollisjosh/Desktop/FourStateGameTemplate/Four_State_Game_Template
C:/Users/lollisjosh/Desktop/FourStateGameTemplate/Four_State_Game_Template
Using Asset Import Pipeline V2.
Refreshing native plugins compatible for Editor in 150.19 ms, found 2 plugins.
Preloading 0 native plugins for Editor in 0.00 ms.
Initialize engine version: 2021.1.7f1 (d91830b65d9b)
[Subsystems] Discovering subsystems at path C:/Program Files/Unity/Hub/Editor/2021.1.7f1/Editor/Data/Resources/UnitySubsystems
[Subsystems] Discovering subsystems at path C:/Users/lollisjosh/Desktop/FourStateGameTemplate/Four_State_Game_Template/Assets
GfxDevice: creating device client; threaded=0; jobified=0
Direct3D:
    Version:  Direct3D 11.0 [level 11.1]
    Renderer: NVIDIA GeForce GTX 970 (ID=0x13c2)
    Vendor:   NVIDIA
    VRAM:     4043 MB
    Driver:   27.21.14.5671
Initialize mono
Mono path[0] = 'C:/Program Files/Unity/Hub/Editor/2021.1.7f1/Editor/Data/Managed'
Mono path[1] = 'C:/Program Files/Unity/Hub/Editor/2021.1.7f1/Editor/Data/MonoBleedingEdge/lib/mono/unityjit'
Mono config path = 'C:/Program Files/Unity/Hub/Editor/2021.1.7f1/Editor/Data/MonoBleedingEdge/etc'
Using monoOptions --debugger-agent=transport=dt_socket,embedding=1,server=y,suspend=n,address=127.0.0.1:56224
Begin MonoManager ReloadAssembly
Registering precompiled unity dll's ...
Register platform support module: C:/Program Files/Unity/Hub/Editor/2021.1.7f1/Editor/Data/PlaybackEngines/WebGLSupport/UnityEditor.WebGL.Extensions.dll
Register platform support module: C:/Program Files/Unity/Hub/Editor/2021.1.7f1/Editor/Data/PlaybackEngines/WindowsStandaloneSupport/UnityEditor.WindowsStandalone.Extensions.dll
Registered in 0.002943 seconds.
Native extension for WindowsStandalone target not found
Native extension for WebGL target not found
Refreshing native plugins compatible for Editor in 151.02 ms, found 2 plugins.
Preloading 0 native plugins for Editor in 0.00 ms.
Mono: successfully reloaded assembly
- Completed reload, in  2.547 seconds
Platform modules already initialized, skipping
Registering precompiled user dll's ...
Registered in 0.004353 seconds.
Begin MonoManager ReloadAssembly
Symbol file LoadedFromMemory doesn't match image C:\Users\lollisjosh\Desktop\FourStateGameTemplate\Four_State_Game_Template\Library\PackageCache\com.unity.visualscripting@1.6.1\Editor\VisualScripting.Core\Dependencies\YamlDotNet\Unity.VisualScripting.YamlDotNet.dll
Symbol file LoadedFromMemory doesn't match image C:\Users\lollisjosh\Desktop\FourStateGameTemplate\Four_State_Game_Template\Library\PackageCache\com.unity.visualscripting@1.6.1\Editor\VisualScripting.Core\Dependencies\DotNetZip\Unity.VisualScripting.IonicZip.dll
Symbol file LoadedFromMemory is not a mono symbol file
Multiple scripted importers are targeting the extension 'uxml' and have all been rejected: UnityEditor.UIElements.UIElementsViewImporter (assembly: C:\Program Files\Unity\Hub\Editor\2021.1.7f1\Editor\Data\Managed\UnityEngine\UnityEditor.UIElementsModule.dll), UnityEditor.UIElements.UIElementsViewImporter (assembly: C:\Program Files\Unity\Hub\Editor\2021.1.7f1\Editor\Data\Managed\UnityEngine\UnityEditor.UIElementsModule.dll) 
UnityEngine.StackTraceUtility:ExtractStackTrace ()
UnityEngine.DebugLogHandler:LogFormat (UnityEngine.LogType,UnityEngine.Object,string,object[])
UnityEngine.Logger:Log (UnityEngine.LogType,object)
UnityEngine.Debug:LogError (object)
UnityEditor.AssetImporters.ScriptedImporter:RegisterScriptedImporters ()

Multiple scripted importers are targeting the extension 'uss' and have all been rejected: UnityEditor.UIElements.StyleSheets.StyleSheetImporter (assembly: C:\Program Files\Unity\Hub\Editor\2021.1.7f1\Editor\Data\Managed\UnityEngine\UnityEditor.UIElementsModule.dll), UnityEditor.UIElements.StyleSheets.StyleSheetImporter (assembly: C:\Program Files\Unity\Hub\Editor\2021.1.7f1\Editor\Data\Managed\UnityEngine\UnityEditor.UIElementsModule.dll) 
UnityEngine.StackTraceUtility:ExtractStackTrace ()
UnityEngine.DebugLogHandler:LogFormat (UnityEngine.LogType,UnityEngine.Object,string,object[])
UnityEngine.Logger:Log (UnityEngine.LogType,object)
UnityEngine.Debug:LogError (object)
UnityEditor.AssetImporters.ScriptedImporter:RegisterScriptedImporters ()

Multiple scripted importers are targeting the extension 'tss' and have all been rejected: UnityEditor.UIElements.StyleSheets.ThemeStyleSheetImporter (assembly: C:\Program Files\Unity\Hub\Editor\2021.1.7f1\Editor\Data\Managed\UnityEngine\UnityEditor.UIElementsModule.dll), UnityEditor.UIElements.StyleSheets.ThemeStyleSheetImporter (assembly: C:\Program Files\Unity\Hub\Editor\2021.1.7f1\Editor\Data\Managed\UnityEngine\UnityEditor.UIElementsModule.dll) 
UnityEngine.StackTraceUtility:ExtractStackTrace ()
UnityEngine.DebugLogHandler:LogFormat (UnityEngine.LogType,UnityEngine.Object,string,object[])
UnityEngine.Logger:Log (UnityEngine.LogType,object)
UnityEngine.Debug:LogError (object)
UnityEditor.AssetImporters.ScriptedImporter:RegisterScriptedImporters ()

ArgumentException: An item with the same key has already been added. Key: UnityEditor.UIElements.EditorAtlasMonitorInjector
Parameter name: key
  at System.Collections.Generic.SortedList`2[TKey,TValue].Add (TKey key, TValue value) [0x00041] in <480201908ed94ddaa0561e2e6e0ddd4e>:0 
  at UnityEditor.AssetPostprocessingInternal.GetTextureProcessorsHashString () [0x000ae] in <03b7a01d7ff445ec8ed231b348714f65>:0 
UnityEngine.DebugLogHandler:Internal_LogException(Exception, Object)
UnityEngine.DebugLogHandler:LogException(Exception, Object)
UnityEngine.Logger:LogException(Exception, Object)
UnityEngine.Debug:LogException(Exception)
UnityEditor.AssetPostprocessingInternal:GetTextureProcessorsHashString()

Native extension for WindowsStandalone target not found
Native extension for WebGL target not found
Refreshing native plugins compatible for Editor in 148.09 ms, found 2 plugins.
Preloading 0 native plugins for Editor in 0.00 ms.
ASSEMBLY OVERRIDES: * override found for Unity assembly UnityEngine.UIElementsModule.dll (override path Library/ScriptAssemblies/UnityEngine.UIElementsModule.dll)
ASSEMBLY OVERRIDES: * override found for Unity assembly UnityEditor.UIElementsModule.dll (override path Library/ScriptAssemblies/UnityEditor.UIElementsModule.dll)
FieldAccessException: Field `UnityEngine.UIElements.TextDelegates:ImportDefaultTextSettings' is inaccessible from method `UnityEditor.UIElements.Text.TextDelegates:InitializeDelegates ()'


FieldAccessException: Field `UnityEngine.UIElements.TextHandleFactory:CreateEditorHandle' is inaccessible from method `UnityEngine.UIElements.Text.TextCoreHandle:InjectTextCoreHandle ()'


FieldAccessException: Field `UnityEngine.UIElements.TextDelegates:GetFont' is inaccessible from method `UnityEngine.UIElements.Text.TextDelegates:InitializeDelegates ()'
  at UnityEngine.UIElements.Text.TextDelegates.EditorInitialization () [0x00000] in C:\Users\lollisjosh\Desktop\FourStateGameTemplate\Four_State_Game_Template\Library\PackageCache\com.unity.ui@1.0.0-preview.14\Text\Delegates\TextDelegates.cs:38 

(Filename: Library/PackageCache/com.unity.ui@1.0.0-preview.14/Text/Delegates/TextDelegates.cs Line: 38)

UnityException: The MakeClientFunc has already been registered. Registration denied.
  at UnityEngine.UIElements.DragAndDropUtility.RegisterMakeClientFunc (System.Func`1[TResult] makeClient) [0x00017] in <52d042b59b5f4b5fa4d9379442f5155a>:0 
  at UnityEditor.UIElements.EditorDragAndDrop.RegisterEditorClient () [0x0000a] in <47d44085adbe43bd896d97295bdef4f5>:0 

UnityException: The MakeDropdownFunc has already been registered. Registration denied.
  at UnityEngine.UIElements.DropdownUtility.RegisterMakeDropdownFunc (System.Func`1[TResult] makeClient) [0x00017] in <52d042b59b5f4b5fa4d9379442f5155a>:0 
  at UnityEditor.UIElements.EditorMenuExtensions.RegisterEditorDropdown () [0x0000a] in <47d44085adbe43bd896d97295bdef4f5>:0 

ASSEMBLY OVERRIDES: * override found for Unity assembly UnityEngine.UIElementsModule.dll (override path Library/ScriptAssemblies/UnityEngine.UIElementsModule.dll)
ASSEMBLY OVERRIDES: * override found for Unity assembly UnityEditor.UIElementsModule.dll (override path Library/ScriptAssemblies/UnityEditor.UIElementsModule.dll)
Mono: successfully reloaded assembly
- Completed reload, in  1.887 seconds
Platform modules already initialized, skipping
========================================================================
Worker process is ready to serve import requests
Launched and connected shader compiler UnityShaderCompiler.exe after 0.17 seconds
Refreshing native plugins compatible for Editor in 0.86 ms, found 2 plugins.
Preloading 0 native plugins for Editor in 0.00 ms.
Unloading 4174 Unused Serialized files (Serialized files now loaded: 0)
System memory in use before: 157.1 MB.
System memory in use after: 157.2 MB.

Unloading 31 unused Assets to reduce memory usage. Loaded Objects now: 4628.
Total: 3.275300 ms (FindLiveObjects: 0.318300 ms CreateObjectMapping: 0.193800 ms MarkObjects: 2.625000 ms  DeleteObjects: 0.136400 ms)

========================================================================
Received Import Request.
  path: Assets/Scripts/Managers/AppManager.cs
  artifactKey: Guid(6138043fb61a91a4fbc50a250ec15e49) Importer(815301076,1909f56bfc062723c751e8b465ee728b)
Start importing Assets/Scripts/Managers/AppManager.cs using Guid(6138043fb61a91a4fbc50a250ec15e49) Importer(815301076,1909f56bfc062723c751e8b465ee728b)  -> (artifact id: 'cf217b07f800b1bd0a22348e08d84895') in 0.164287 seconds 
========================================================================
Received Import Request.
  Time since last request: 249.903335 seconds.
  path: Assets/Managers
  artifactKey: Guid(9b7302670423ba044b3a228d09cd7422) Importer(815301076,1909f56bfc062723c751e8b465ee728b)
Start importing Assets/Managers using Guid(9b7302670423ba044b3a228d09cd7422) Importer(815301076,1909f56bfc062723c751e8b465ee728b)  -> (artifact id: 'b3c6fc8a3502358decdc03a7640f9c2e') in 0.006694 seconds 
========================================================================
Received Import Request.
  Time since last request: 47.387502 seconds.
  path: Assets/Scripts/Vast
  artifactKey: Guid(eaad62f53fe7a6d4ba251b978ff2b3c4) Importer(815301076,1909f56bfc062723c751e8b465ee728b)
Start importing Assets/Scripts/Vast using Guid(eaad62f53fe7a6d4ba251b978ff2b3c4) Importer(815301076,1909f56bfc062723c751e8b465ee728b)  -> (artifact id: 'fe013eb4d3d5d0fc6ee6cab62abb3f75') in 0.012012 seconds 
========================================================================
Received Import Request.
  Time since last request: 3.256239 seconds.
  path: Assets/Scripts/IStateMachine.cs
  artifactKey: Guid(d31c3e93e6aea4f41ae96b6095be6625) Importer(815301076,1909f56bfc062723c751e8b465ee728b)
Start importing Assets/Scripts/IStateMachine.cs using Guid(d31c3e93e6aea4f41ae96b6095be6625) Importer(815301076,1909f56bfc062723c751e8b465ee728b)  -> (artifact id: '82aec91bbd50be0432d1c44744ef4c36') in 0.032879 seconds 
========================================================================
Received Import Request.
  Time since last request: 20.411967 seconds.
  path: Assets/Scripts/GameStateController.cs
  artifactKey: Guid(a22784192ddeb9f4193c8c0a5cc8bc72) Importer(815301076,1909f56bfc062723c751e8b465ee728b)
Start importing Assets/Scripts/GameStateController.cs using Guid(a22784192ddeb9f4193c8c0a5cc8bc72) Importer(815301076,1909f56bfc062723c751e8b465ee728b)  -> (artifact id: '55c6044415e1f50c2a2ab23e9542bfcf') in 0.016942 seconds 
