Using pre-set license
Built from '2021.1/staging' branch; Version is '2021.1.7f1 (d91830b65d9b) revision 14227504'; Using compiler version '192528614'; Build Type 'Release'
OS: 'Windows 10 Education; OS build 19042.1110; Version 2009; 64bit' Language: 'en' Physical Memory: 16327 MB
BatchMode: 1, IsHumanControllingUs: 0, StartBugReporterOnCrash: 0, Is64bit: 1, IsPro: 0

 COMMAND LINE ARGUMENTS:
C:\Program Files\Unity\Hub\Editor\2021.1.7f1\Editor\Unity.exe
-adb2
-batchMode
-noUpm
-name
AssetImportWorker0
-projectPath
C:/Users/lollisjosh/Desktop/FourStateGameTemplate/Four_State_Game_Template
-logFile
Logs/AssetImportWorker0.log
-srvPort
55738
Successfully changed project path to: C:/Users/lollisjosh/Desktop/FourStateGameTemplate/Four_State_Game_Template
C:/Users/lollisjosh/Desktop/FourStateGameTemplate/Four_State_Game_Template
Using Asset Import Pipeline V2.
Refreshing native plugins compatible for Editor in 122.41 ms, found 2 plugins.
Preloading 0 native plugins for Editor in 0.00 ms.
Initialize engine version: 2021.1.7f1 (d91830b65d9b)
[Subsystems] Discovering subsystems at path C:/Program Files/Unity/Hub/Editor/2021.1.7f1/Editor/Data/Resources/UnitySubsystems
[Subsystems] Discovering subsystems at path C:/Users/lollisjosh/Desktop/FourStateGameTemplate/Four_State_Game_Template/Assets
GfxDevice: creating device client; threaded=0; jobified=0
Direct3D:
    Version:  Direct3D 11.0 [level 11.1]
    Renderer: NVIDIA GeForce GTX 970 (ID=0x13c2)
    Vendor:   NVIDIA
    VRAM:     4043 MB
    Driver:   27.21.14.5671
Initialize mono
Mono path[0] = 'C:/Program Files/Unity/Hub/Editor/2021.1.7f1/Editor/Data/Managed'
Mono path[1] = 'C:/Program Files/Unity/Hub/Editor/2021.1.7f1/Editor/Data/MonoBleedingEdge/lib/mono/unityjit'
Mono config path = 'C:/Program Files/Unity/Hub/Editor/2021.1.7f1/Editor/Data/MonoBleedingEdge/etc'
Using monoOptions --debugger-agent=transport=dt_socket,embedding=1,server=y,suspend=n,address=127.0.0.1:56064
Begin MonoManager ReloadAssembly
Registering precompiled unity dll's ...
Register platform support module: C:/Program Files/Unity/Hub/Editor/2021.1.7f1/Editor/Data/PlaybackEngines/WebGLSupport/UnityEditor.WebGL.Extensions.dll
Register platform support module: C:/Program Files/Unity/Hub/Editor/2021.1.7f1/Editor/Data/PlaybackEngines/WindowsStandaloneSupport/UnityEditor.WindowsStandalone.Extensions.dll
Registered in 0.003134 seconds.
Native extension for WindowsStandalone target not found
Native extension for WebGL target not found
Refreshing native plugins compatible for Editor in 131.17 ms, found 2 plugins.
Preloading 0 native plugins for Editor in 0.00 ms.
Mono: successfully reloaded assembly
- Completed reload, in  2.451 seconds
Platform modules already initialized, skipping
Registering precompiled user dll's ...
Registered in 0.003495 seconds.
Begin MonoManager ReloadAssembly
Symbol file LoadedFromMemory doesn't match image C:\Users\lollisjosh\Desktop\FourStateGameTemplate\Four_State_Game_Template\Library\PackageCache\com.unity.visualscripting@1.6.1\Editor\VisualScripting.Core\Dependencies\YamlDotNet\Unity.VisualScripting.YamlDotNet.dll
Symbol file LoadedFromMemory doesn't match image C:\Users\lollisjosh\Desktop\FourStateGameTemplate\Four_State_Game_Template\Library\PackageCache\com.unity.visualscripting@1.6.1\Editor\VisualScripting.Core\Dependencies\DotNetZip\Unity.VisualScripting.IonicZip.dll
Native extension for WindowsStandalone target not found
Native extension for WebGL target not found
Refreshing native plugins compatible for Editor in 141.64 ms, found 2 plugins.
Preloading 0 native plugins for Editor in 0.00 ms.
Mono: successfully reloaded assembly
- Completed reload, in  1.461 seconds
Platform modules already initialized, skipping
========================================================================
Worker process is ready to serve import requests
Launched and connected shader compiler UnityShaderCompiler.exe after 0.05 seconds
Refreshing native plugins compatible for Editor in 0.69 ms, found 2 plugins.
Preloading 0 native plugins for Editor in 0.00 ms.
Unloading 3371 Unused Serialized files (Serialized files now loaded: 0)
System memory in use before: 128.8 MB.
System memory in use after: 128.9 MB.

Unloading 28 unused Assets to reduce memory usage. Loaded Objects now: 3824.
Total: 2.798200 ms (FindLiveObjects: 0.252900 ms CreateObjectMapping: 0.138300 ms MarkObjects: 2.263900 ms  DeleteObjects: 0.141600 ms)

========================================================================
Received Import Request.
  path: Assets
  artifactKey: Guid(00000000000000001000000000000000) Importer(815301076,1909f56bfc062723c751e8b465ee728b)
Start importing Assets using Guid(00000000000000001000000000000000) Importer(815301076,1909f56bfc062723c751e8b465ee728b)  -> (artifact id: '42d402b061de3733987d63b9cc3b64de') in 0.028012 seconds 
========================================================================
Received Import Request.
  Time since last request: 2.018259 seconds.
  path: Assets/Scripts
  artifactKey: Guid(4ec1fed40739cba42bf3949e4422449c) Importer(815301076,1909f56bfc062723c751e8b465ee728b)
Start importing Assets/Scripts using Guid(4ec1fed40739cba42bf3949e4422449c) Importer(815301076,1909f56bfc062723c751e8b465ee728b)  -> (artifact id: 'ac5515efa082ad952ea4a8f26f7cc5b2') in 0.009685 seconds 
========================================================================
Received Import Request.
  Time since last request: 36.362331 seconds.
  path: Assets/Scripts/StateMachine.cs
  artifactKey: Guid(b9026c4f59cc2344e9d5fa897214056a) Importer(815301076,1909f56bfc062723c751e8b465ee728b)
Start importing Assets/Scripts/StateMachine.cs using Guid(b9026c4f59cc2344e9d5fa897214056a) Importer(815301076,1909f56bfc062723c751e8b465ee728b)  -> (artifact id: 'ec70673565f63f56a31099bd5165ec00') in 0.036271 seconds 
========================================================================
Received Prepare
Registering precompiled user dll's ...
Registered in 0.003521 seconds.
Begin MonoManager ReloadAssembly
Symbol file LoadedFromMemory doesn't match image C:\Users\lollisjosh\Desktop\FourStateGameTemplate\Four_State_Game_Template\Library\PackageCache\com.unity.visualscripting@1.6.1\Editor\VisualScripting.Core\Dependencies\YamlDotNet\Unity.VisualScripting.YamlDotNet.dll
Symbol file LoadedFromMemory doesn't match image C:\Users\lollisjosh\Desktop\FourStateGameTemplate\Four_State_Game_Template\Library\PackageCache\com.unity.visualscripting@1.6.1\Editor\VisualScripting.Core\Dependencies\DotNetZip\Unity.VisualScripting.IonicZip.dll
Native extension for WindowsStandalone target not found
Native extension for WebGL target not found
Refreshing native plugins compatible for Editor in 0.72 ms, found 2 plugins.
Preloading 0 native plugins for Editor in 0.00 ms.
Mono: successfully reloaded assembly
- Completed reload, in  1.265 seconds
Platform modules already initialized, skipping
Refreshing native plugins compatible for Editor in 0.70 ms, found 2 plugins.
Preloading 0 native plugins for Editor in 0.00 ms.
Unloading 3369 Unused Serialized files (Serialized files now loaded: 0)
System memory in use before: 128.9 MB.
System memory in use after: 129.0 MB.

Unloading 16 unused Assets to reduce memory usage. Loaded Objects now: 3831.
Total: 2.712400 ms (FindLiveObjects: 0.251800 ms CreateObjectMapping: 0.139300 ms MarkObjects: 2.190500 ms  DeleteObjects: 0.129500 ms)

========================================================================
Received Import Request.
  Time since last request: 18.331128 seconds.
  path: Assets/Scripts/Editor
  artifactKey: Guid(90a89541ce2774f47b32c865c5475f4a) Importer(815301076,1909f56bfc062723c751e8b465ee728b)
Start importing Assets/Scripts/Editor using Guid(90a89541ce2774f47b32c865c5475f4a) Importer(815301076,1909f56bfc062723c751e8b465ee728b)  -> (artifact id: '5c38695a3bc749f30f451e6b8f29b969') in 0.013809 seconds 
========================================================================
Received Import Request.
  Time since last request: 8.925909 seconds.
  path: Assets/Scripts/Editor/StateMachineDrawer.cs
  artifactKey: Guid(3d9dd700dd352c44db51b906ea7d9017) Importer(815301076,1909f56bfc062723c751e8b465ee728b)
Start importing Assets/Scripts/Editor/StateMachineDrawer.cs using Guid(3d9dd700dd352c44db51b906ea7d9017) Importer(815301076,1909f56bfc062723c751e8b465ee728b)  -> (artifact id: 'c88805ebffb243358a02c14d19ad106c') in 0.007290 seconds 
========================================================================
Received Prepare
Registering precompiled user dll's ...
Registered in 0.003642 seconds.
Begin MonoManager ReloadAssembly
Symbol file LoadedFromMemory doesn't match image C:\Users\lollisjosh\Desktop\FourStateGameTemplate\Four_State_Game_Template\Library\PackageCache\com.unity.visualscripting@1.6.1\Editor\VisualScripting.Core\Dependencies\YamlDotNet\Unity.VisualScripting.YamlDotNet.dll
Symbol file LoadedFromMemory doesn't match image C:\Users\lollisjosh\Desktop\FourStateGameTemplate\Four_State_Game_Template\Library\PackageCache\com.unity.visualscripting@1.6.1\Editor\VisualScripting.Core\Dependencies\DotNetZip\Unity.VisualScripting.IonicZip.dll
Native extension for WindowsStandalone target not found
Native extension for WebGL target not found
Refreshing native plugins compatible for Editor in 0.70 ms, found 2 plugins.
Preloading 0 native plugins for Editor in 0.00 ms.
Mono: successfully reloaded assembly
- Completed reload, in  1.276 seconds
Platform modules already initialized, skipping
Refreshing native plugins compatible for Editor in 0.69 ms, found 2 plugins.
Preloading 0 native plugins for Editor in 0.00 ms.
Unloading 3370 Unused Serialized files (Serialized files now loaded: 0)
System memory in use before: 129.0 MB.
System memory in use after: 129.1 MB.

Unloading 16 unused Assets to reduce memory usage. Loaded Objects now: 3836.
Total: 2.616000 ms (FindLiveObjects: 0.249500 ms CreateObjectMapping: 0.141200 ms MarkObjects: 2.096300 ms  DeleteObjects: 0.127300 ms)

========================================================================
Received Import Request.
  Time since last request: 57.342119 seconds.
  path: Assets/Scripts/State.cs
  artifactKey: Guid(b45f63ad5f588444ab40e006fdc9bc44) Importer(815301076,1909f56bfc062723c751e8b465ee728b)
Start importing Assets/Scripts/State.cs using Guid(b45f63ad5f588444ab40e006fdc9bc44) Importer(815301076,1909f56bfc062723c751e8b465ee728b)  -> (artifact id: '22cfc94aa6d987d1c6e1da9a06c1cc88') in 0.017399 seconds 
========================================================================
Received Import Request.
  Time since last request: 47.531056 seconds.
  path: Assets/Prefabs
  artifactKey: Guid(47712d5c074583e4d8768195d7aeecdc) Importer(815301076,1909f56bfc062723c751e8b465ee728b)
Start importing Assets/Prefabs using Guid(47712d5c074583e4d8768195d7aeecdc) Importer(815301076,1909f56bfc062723c751e8b465ee728b)  -> (artifact id: '06867cf76867d27464794fb986f2b07e') in 0.017385 seconds 
========================================================================
Received Prepare
Registering precompiled user dll's ...
Registered in 0.003727 seconds.
Begin MonoManager ReloadAssembly
Symbol file LoadedFromMemory doesn't match image C:\Users\lollisjosh\Desktop\FourStateGameTemplate\Four_State_Game_Template\Library\PackageCache\com.unity.visualscripting@1.6.1\Editor\VisualScripting.Core\Dependencies\YamlDotNet\Unity.VisualScripting.YamlDotNet.dll
Symbol file LoadedFromMemory doesn't match image C:\Users\lollisjosh\Desktop\FourStateGameTemplate\Four_State_Game_Template\Library\PackageCache\com.unity.visualscripting@1.6.1\Editor\VisualScripting.Core\Dependencies\DotNetZip\Unity.VisualScripting.IonicZip.dll
Native extension for WindowsStandalone target not found
Native extension for WebGL target not found
Refreshing native plugins compatible for Editor in 0.78 ms, found 2 plugins.
Preloading 0 native plugins for Editor in 0.00 ms.
Mono: successfully reloaded assembly
- Completed reload, in  1.288 seconds
Platform modules already initialized, skipping
Refreshing native plugins compatible for Editor in 0.71 ms, found 2 plugins.
Preloading 0 native plugins for Editor in 0.00 ms.
Unloading 3371 Unused Serialized files (Serialized files now loaded: 0)
System memory in use before: 129.1 MB.
System memory in use after: 129.2 MB.

Unloading 16 unused Assets to reduce memory usage. Loaded Objects now: 3841.
Total: 2.902800 ms (FindLiveObjects: 0.323900 ms CreateObjectMapping: 0.147200 ms MarkObjects: 2.302000 ms  DeleteObjects: 0.127900 ms)

========================================================================
Received Prepare
Registering precompiled user dll's ...
Registered in 0.004516 seconds.
Begin MonoManager ReloadAssembly
Symbol file LoadedFromMemory doesn't match image C:\Users\lollisjosh\Desktop\FourStateGameTemplate\Four_State_Game_Template\Library\PackageCache\com.unity.visualscripting@1.6.1\Editor\VisualScripting.Core\Dependencies\YamlDotNet\Unity.VisualScripting.YamlDotNet.dll
Symbol file LoadedFromMemory doesn't match image C:\Users\lollisjosh\Desktop\FourStateGameTemplate\Four_State_Game_Template\Library\PackageCache\com.unity.visualscripting@1.6.1\Editor\VisualScripting.Core\Dependencies\DotNetZip\Unity.VisualScripting.IonicZip.dll
Native extension for WindowsStandalone target not found
Native extension for WebGL target not found
Refreshing native plugins compatible for Editor in 0.70 ms, found 2 plugins.
Preloading 0 native plugins for Editor in 0.00 ms.
Mono: successfully reloaded assembly
- Completed reload, in  1.250 seconds
Platform modules already initialized, skipping
Refreshing native plugins compatible for Editor in 0.70 ms, found 2 plugins.
Preloading 0 native plugins for Editor in 0.00 ms.
Unloading 3371 Unused Serialized files (Serialized files now loaded: 0)
System memory in use before: 129.1 MB.
System memory in use after: 129.2 MB.

Unloading 16 unused Assets to reduce memory usage. Loaded Objects now: 3845.
Total: 2.655200 ms (FindLiveObjects: 0.258300 ms CreateObjectMapping: 0.142100 ms MarkObjects: 2.128600 ms  DeleteObjects: 0.125100 ms)

AssetImportWorkerClient::OnTransportError - code=2 error=End of file
